<?xml version="1.0" encoding="UTF-8"?>
<!-- Generated by org.testng.reporters.JUnitReportReporter -->
<testsuite name="MobileProgrammingLLC.Tests.UiCatalog_ManagingAlertViews" tests="1" time="8.958" ignored="0" failures="0" timestamp="22 Jan 2019 18:19:32 GMT" skipped="0" hostname="MAC09F.local" errors="0">
  <testcase name="manageAlertViews" time="8.958" classname="MobileProgrammingLLC.Tests.UiCatalog_ManagingAlertViews"/>
</testsuite> <!-- MobileProgrammingLLC.Tests.UiCatalog_ManagingAlertViews -->
