<?xml version="1.0" encoding="UTF-8"?>
<!-- Generated by org.testng.reporters.JUnitReportReporter -->
<testsuite name="MobileProgrammingLLC.Tests.UiCatalog_HandlingDatePicker" tests="1" time="11.317" ignored="0" failures="0" timestamp="13 Nov 2018 17:23:28 GMT" skipped="0" hostname="MAC41G.local" errors="0">
  <testcase name="handleDatePicker" time="11.317" classname="MobileProgrammingLLC.Tests.UiCatalog_HandlingDatePicker"/>
</testsuite> <!-- MobileProgrammingLLC.Tests.UiCatalog_HandlingDatePicker -->
