<?xml version="1.0" encoding="UTF-8"?>
<!-- Generated by org.testng.reporters.JUnitReportReporter -->
<testsuite name="MobileProgrammingLLC.Tests.UiCatalog_ComparingSteppers" tests="1" time="10.210" ignored="0" failures="0" timestamp="13 Nov 2018 17:23:28 GMT" skipped="0" hostname="MAC41G.local" errors="0">
  <testcase name="compareSteppers" time="10.210" classname="MobileProgrammingLLC.Tests.UiCatalog_ComparingSteppers"/>
</testsuite> <!-- MobileProgrammingLLC.Tests.UiCatalog_ComparingSteppers -->
