<?xml version="1.0" encoding="UTF-8"?>
<!-- Generated by org.testng.reporters.JUnitReportReporter -->
<testsuite name="MobileProgrammingLLC.Tests.UiCatalog_ApplyingWebView" tests="3" time="55.137" ignored="0" failures="0" timestamp="22 Jan 2019 18:19:32 GMT" skipped="0" hostname="MAC09F.local" errors="0">
  <testcase name="openInAppBrowser" time="40.643" classname="MobileProgrammingLLC.Tests.UiCatalog_ApplyingWebView"/>
  <testcase name="navigateToSignInPage" time="6.044" classname="MobileProgrammingLLC.Tests.UiCatalog_ApplyingWebView"/>
  <testcase name="verifySignInErrorMsg" time="8.450" classname="MobileProgrammingLLC.Tests.UiCatalog_ApplyingWebView"/>
</testsuite> <!-- MobileProgrammingLLC.Tests.UiCatalog_ApplyingWebView -->
